# JRE version: OpenJDK Runtime Environment (8.0_242-b01) (build 1.8.0_242-release-1644-b01)
# Java VM: OpenJDK 64-Bit Server VM (25.242-b01 mixed mode windows-amd64 compressed oops)
Heap:
 PSYoungGen      total 344576K, used 100195K [0x00000000d5580000, 0x00000000ec700000, 0x0000000100000000)
  eden space 314368K, 24% used [0x00000000d5580000,0x00000000da218308,0x00000000e8880000)
  from space 30208K, 72% used [0x00000000ea700000,0x00000000ebc40928,0x00000000ec480000)
  to   space 31232K, 0% used [0x00000000e8880000,0x00000000e8880000,0x00000000ea700000)
 ParOldGen       total 149504K, used 66386K [0x0000000080000000, 0x0000000089200000, 0x00000000d5580000)
  object space 149504K, 44% used [0x0000000080000000,0x00000000840d48a8,0x0000000089200000)
 Metaspace       used 91192K, capacity 95790K, committed 96048K, reserved 1134592K
  class space    used 12186K, capacity 13038K, committed 13104K, reserved 1048576K
GC Heap History (10 events):
Event: 13.169 GC heap before
{Heap before GC invocations=13 (full 3):
 PSYoungGen      total 235008K, used 17388K [0x00000000d5580000, 0x00000000e5b00000, 0x0000000100000000)
  eden space 217600K, 0% used [0x00000000d5580000,0x00000000d5580000,0x00000000e2a00000)
  from space 17408K, 99% used [0x00000000e4000000,0x00000000e50fb310,0x00000000e5100000)
  to   space 22528K, 0% used [0x00000000e2a00000,0x00000000e2a00000,0x00000000e4000000)
 ParOldGen       total 95232K, used 31328K [0x0000000080000000, 0x0000000085d00000, 0x00000000d5580000)
  object space 95232K, 32% used [0x0000000080000000,0x0000000081e98128,0x0000000085d00000)
 Metaspace       used 56969K, capacity 59028K, committed 59160K, reserved 1099776K
  class space    used 7804K, capacity 8283K, committed 8368K, reserved 1048576K
Event: 13.479 GC heap after
Heap after GC invocations=13 (full 3):
 PSYoungGen      total 235008K, used 0K [0x00000000d5580000, 0x00000000e5b00000, 0x0000000100000000)
  eden space 217600K, 0% used [0x00000000d5580000,0x00000000d5580000,0x00000000e2a00000)
  from space 17408K, 0% used [0x00000000e4000000,0x00000000e4000000,0x00000000e5100000)
  to   space 22528K, 0% used [0x00000000e2a00000,0x00000000e2a00000,0x00000000e4000000)
 ParOldGen       total 149504K, used 37722K [0x0000000080000000, 0x0000000089200000, 0x00000000d5580000)
  object space 149504K, 25% used [0x0000000080000000,0x00000000824d6888,0x0000000089200000)
 Metaspace       used 56953K, capacity 58974K, committed 59160K, reserved 1099776K
  class space    used 7799K, capacity 8274K, committed 8368K, reserved 1048576K
}
Event: 17.898 GC heap before
{Heap before GC invocations=14 (full 3):
 PSYoungGen      total 235008K, used 217600K [0x00000000d5580000, 0x00000000e5b00000, 0x0000000100000000)
  eden space 217600K, 100% used [0x00000000d5580000,0x00000000e2a00000,0x00000000e2a00000)
  from space 17408K, 0% used [0x00000000e4000000,0x00000000e4000000,0x00000000e5100000)
  to   space 22528K, 0% used [0x00000000e2a00000,0x00000000e2a00000,0x00000000e4000000)
 ParOldGen       total 149504K, used 37722K [0x0000000080000000, 0x0000000089200000, 0x00000000d5580000)
  object space 149504K, 25% used [0x0000000080000000,0x00000000824d6888,0x0000000089200000)
 Metaspace       used 65472K, capacity 68254K, committed 68400K, reserved 1107968K
  class space    used 8927K, capacity 9516K, committed 9520K, reserved 1048576K
Event: 17.925 GC heap after
Heap after GC invocations=14 (full 3):
 PSYoungGen      total 240128K, used 22108K [0x00000000d5580000, 0x00000000e8d80000, 0x0000000100000000)
  eden space 217600K, 0% used [0x00000000d5580000,0x00000000d5580000,0x00000000e2a00000)
  from space 22528K, 98% used [0x00000000e2a00000,0x00000000e3f970b8,0x00000000e4000000)
  to   space 25600K, 0% used [0x00000000e7480000,0x00000000e7480000,0x00000000e8d80000)
 ParOldGen       total 149504K, used 37722K [0x0000000080000000, 0x0000000089200000, 0x00000000d5580000)
  object space 149504K, 25% used [0x0000000080000000,0x00000000824d6888,0x0000000089200000)
 Metaspace       used 65472K, capacity 68254K, committed 68400K, reserved 1107968K
  class space    used 8927K, capacity 9516K, committed 9520K, reserved 1048576K
}
Event: 22.577 GC heap before
{Heap before GC invocations=15 (full 3):
 PSYoungGen      total 240128K, used 239708K [0x00000000d5580000, 0x00000000e8d80000, 0x0000000100000000)
  eden space 217600K, 100% used [0x00000000d5580000,0x00000000e2a00000,0x00000000e2a00000)
  from space 22528K, 98% used [0x00000000e2a00000,0x00000000e3f970b8,0x00000000e4000000)
  to   space 25600K, 0% used [0x00000000e7480000,0x00000000e7480000,0x00000000e8d80000)
 ParOldGen       total 149504K, used 37722K [0x0000000080000000, 0x0000000089200000, 0x00000000d5580000)
  object space 149504K, 25% used [0x0000000080000000,0x00000000824d6888,0x0000000089200000)
 Metaspace       used 70701K, capacity 73852K, committed 74032K, reserved 1114112K
  class space    used 9592K, capacity 10219K, committed 10288K, reserved 1048576K
Event: 22.611 GC heap after
Heap after GC invocations=15 (full 3):
 PSYoungGen      total 288768K, used 25590K [0x00000000d5580000, 0x00000000e9280000, 0x0000000100000000)
  eden space 263168K, 0% used [0x00000000d5580000,0x00000000d5580000,0x00000000e5680000)
  from space 25600K, 99% used [0x00000000e7480000,0x00000000e8d7d990,0x00000000e8d80000)
  to   space 30720K, 0% used [0x00000000e5680000,0x00000000e5680000,0x00000000e7480000)
 ParOldGen       total 149504K, used 41798K [0x0000000080000000, 0x0000000089200000, 0x00000000d5580000)
  object space 149504K, 27% used [0x0000000080000000,0x00000000828d1a10,0x0000000089200000)
 Metaspace       used 70701K, capacity 73852K, committed 74032K, reserved 1114112K
  class space    used 9592K, capacity 10219K, committed 10288K, reserved 1048576K
}
Event: 29.196 GC heap before
{Heap before GC invocations=16 (full 3):
 PSYoungGen      total 288768K, used 288758K [0x00000000d5580000, 0x00000000e9280000, 0x0000000100000000)
  eden space 263168K, 100% used [0x00000000d5580000,0x00000000e5680000,0x00000000e5680000)
  from space 25600K, 99% used [0x00000000e7480000,0x00000000e8d7d990,0x00000000e8d80000)
  to   space 30720K, 0% used [0x00000000e5680000,0x00000000e5680000,0x00000000e7480000)
 ParOldGen       total 149504K, used 41798K [0x0000000080000000, 0x0000000089200000, 0x00000000d5580000)
  object space 149504K, 27% used [0x0000000080000000,0x00000000828d1a10,0x0000000089200000)
 Metaspace       used 78901K, capacity 82144K, committed 82352K, reserved 1120256K
  class space    used 10440K, capacity 11097K, committed 11184K, reserved 1048576K
Event: 29.282 GC heap after
Heap after GC invocations=16 (full 3):
 PSYoungGen      total 293888K, used 16192K [0x00000000d5580000, 0x00000000ec480000, 0x0000000100000000)
  eden space 263168K, 0% used [0x00000000d5580000,0x00000000d5580000,0x00000000e5680000)
  from space 30720K, 52% used [0x00000000e5680000,0x00000000e6650148,0x00000000e7480000)
  to   space 30208K, 0% used [0x00000000ea700000,0x00000000ea700000,0x00000000ec480000)
 ParOldGen       total 149504K, used 66378K [0x0000000080000000, 0x0000000089200000, 0x00000000d5580000)
  object space 149504K, 44% used [0x0000000080000000,0x00000000840d28a8,0x0000000089200000)
 Metaspace       used 78901K, capacity 82144K, committed 82352K, reserved 1120256K
  class space    used 10440K, capacity 11097K, committed 11184K, reserved 1048576K
}
Event: 33.652 GC heap before
{Heap before GC invocations=17 (full 3):
 PSYoungGen      total 293888K, used 279360K [0x00000000d5580000, 0x00000000ec480000, 0x0000000100000000)
  eden space 263168K, 100% used [0x00000000d5580000,0x00000000e5680000,0x00000000e5680000)
  from space 30720K, 52% used [0x00000000e5680000,0x00000000e6650148,0x00000000e7480000)
  to   space 30208K, 0% used [0x00000000ea700000,0x00000000ea700000,0x00000000ec480000)
 ParOldGen       total 149504K, used 66378K [0x0000000080000000, 0x0000000089200000, 0x00000000d5580000)
  object space 149504K, 44% used [0x0000000080000000,0x00000000840d28a8,0x0000000089200000)
 Metaspace       used 88443K, capacity 92632K, committed 92976K, reserved 1130496K
  class space    used 11702K, capacity 12469K, committed 12592K, reserved 1048576K
Event: 33.730 GC heap after
Heap after GC invocations=17 (full 3):
 PSYoungGen      total 344576K, used 21762K [0x00000000d5580000, 0x00000000ec700000, 0x0000000100000000)
  eden space 314368K, 0% used [0x00000000d5580000,0x00000000d5580000,0x00000000e8880000)
  from space 30208K, 72% used [0x00000000ea700000,0x00000000ebc40928,0x00000000ec480000)
  to   space 31232K, 0% used [0x00000000e8880000,0x00000000e8880000,0x00000000ea700000)
 ParOldGen       total 149504K, used 66386K [0x0000000080000000, 0x0000000089200000, 0x00000000d5580000)
  object space 149504K, 44% used [0x0000000080000000,0x00000000840d48a8,0x0000000089200000)
 Metaspace       used 88443K, capacity 92632K, committed 92976K, reserved 1130496K
  class space    used 11702K, capacity 12469K, committed 12592K, reserved 1048576K
}

