# JRE version: OpenJDK Runtime Environment (8.0_242-b01) (build 1.8.0_242-release-1644-b01)
# Java VM: OpenJDK 64-Bit Server VM (25.242-b01 mixed mode windows-amd64 compressed oops)
Heap:
 PSYoungGen      total 256000K, used 73320K [0x00000000d5580000, 0x00000000e7100000, 0x0000000100000000)
  eden space 236032K, 31% used [0x00000000d5580000,0x00000000d9d1a3f0,0x00000000e3c00000)
  from space 19968K, 0% used [0x00000000e5d80000,0x00000000e5d80000,0x00000000e7100000)
  to   space 24064K, 0% used [0x00000000e4200000,0x00000000e4200000,0x00000000e5980000)
 ParOldGen       total 162816K, used 72338K [0x0000000080000000, 0x0000000089f00000, 0x00000000d5580000)
  object space 162816K, 44% used [0x0000000080000000,0x00000000846a4ae0,0x0000000089f00000)
 Metaspace       used 90038K, capacity 93896K, committed 94040K, reserved 1132544K
  class space    used 11842K, capacity 12561K, committed 12672K, reserved 1048576K
GC Heap History (10 events):
Event: 20.941 GC heap before
{Heap before GC invocations=16 (full 3):
 PSYoungGen      total 256000K, used 255522K [0x00000000d5580000, 0x00000000e7100000, 0x0000000100000000)
  eden space 236032K, 100% used [0x00000000d5580000,0x00000000e3c00000,0x00000000e3c00000)
  from space 19968K, 97% used [0x00000000e5d80000,0x00000000e7088818,0x00000000e7100000)
  to   space 24064K, 0% used [0x00000000e4200000,0x00000000e4200000,0x00000000e5980000)
 ParOldGen       total 162816K, used 33569K [0x0000000080000000, 0x0000000089f00000, 0x00000000d5580000)
  object space 162816K, 20% used [0x0000000080000000,0x00000000820c8508,0x0000000089f00000)
 Metaspace       used 71407K, capacity 74454K, committed 74584K, reserved 1114112K
  class space    used 9619K, capacity 10270K, committed 10368K, reserved 1048576K
Event: 20.970 GC heap after
Heap after GC invocations=16 (full 3):
 PSYoungGen      total 260096K, used 24039K [0x00000000d5580000, 0x00000000e7100000, 0x0000000100000000)
  eden space 236032K, 0% used [0x00000000d5580000,0x00000000d5580000,0x00000000e3c00000)
  from space 24064K, 99% used [0x00000000e4200000,0x00000000e5979cd8,0x00000000e5980000)
  to   space 19968K, 0% used [0x00000000e5d80000,0x00000000e5d80000,0x00000000e7100000)
 ParOldGen       total 162816K, used 38048K [0x0000000080000000, 0x0000000089f00000, 0x00000000d5580000)
  object space 162816K, 23% used [0x0000000080000000,0x0000000082528238,0x0000000089f00000)
 Metaspace       used 71407K, capacity 74454K, committed 74584K, reserved 1114112K
  class space    used 9619K, capacity 10270K, committed 10368K, reserved 1048576K
}
Event: 60.515 GC heap before
{Heap before GC invocations=17 (full 3):
 PSYoungGen      total 260096K, used 260071K [0x00000000d5580000, 0x00000000e7100000, 0x0000000100000000)
  eden space 236032K, 100% used [0x00000000d5580000,0x00000000e3c00000,0x00000000e3c00000)
  from space 24064K, 99% used [0x00000000e4200000,0x00000000e5979cd8,0x00000000e5980000)
  to   space 19968K, 0% used [0x00000000e5d80000,0x00000000e5d80000,0x00000000e7100000)
 ParOldGen       total 162816K, used 38048K [0x0000000080000000, 0x0000000089f00000, 0x00000000d5580000)
  object space 162816K, 23% used [0x0000000080000000,0x0000000082528238,0x0000000089f00000)
 Metaspace       used 75212K, capacity 78444K, committed 78680K, reserved 1118208K
  class space    used 9868K, capacity 10551K, committed 10624K, reserved 1048576K
Event: 60.571 GC heap after
Heap after GC invocations=17 (full 3):
 PSYoungGen      total 256000K, used 14071K [0x00000000d5580000, 0x00000000e7100000, 0x0000000100000000)
  eden space 236032K, 0% used [0x00000000d5580000,0x00000000d5580000,0x00000000e3c00000)
  from space 19968K, 70% used [0x00000000e5d80000,0x00000000e6b3de38,0x00000000e7100000)
  to   space 24064K, 0% used [0x00000000e4200000,0x00000000e4200000,0x00000000e5980000)
 ParOldGen       total 162816K, used 60716K [0x0000000080000000, 0x0000000089f00000, 0x00000000d5580000)
  object space 162816K, 37% used [0x0000000080000000,0x0000000083b4b3b0,0x0000000089f00000)
 Metaspace       used 75212K, capacity 78444K, committed 78680K, reserved 1118208K
  class space    used 9868K, capacity 10551K, committed 10624K, reserved 1048576K
}
Event: 63.333 GC heap before
{Heap before GC invocations=18 (full 3):
 PSYoungGen      total 256000K, used 250103K [0x00000000d5580000, 0x00000000e7100000, 0x0000000100000000)
  eden space 236032K, 100% used [0x00000000d5580000,0x00000000e3c00000,0x00000000e3c00000)
  from space 19968K, 70% used [0x00000000e5d80000,0x00000000e6b3de38,0x00000000e7100000)
  to   space 24064K, 0% used [0x00000000e4200000,0x00000000e4200000,0x00000000e5980000)
 ParOldGen       total 162816K, used 60716K [0x0000000080000000, 0x0000000089f00000, 0x00000000d5580000)
  object space 162816K, 37% used [0x0000000080000000,0x0000000083b4b3b0,0x0000000089f00000)
 Metaspace       used 81454K, capacity 84768K, committed 85080K, reserved 1122304K
  class space    used 10629K, capacity 11303K, committed 11392K, reserved 1048576K
Event: 63.390 GC heap after
Heap after GC invocations=18 (full 3):
 PSYoungGen      total 260096K, used 24034K [0x00000000d5580000, 0x00000000e7100000, 0x0000000100000000)
  eden space 236032K, 0% used [0x00000000d5580000,0x00000000d5580000,0x00000000e3c00000)
  from space 24064K, 99% used [0x00000000e4200000,0x00000000e5978948,0x00000000e5980000)
  to   space 19968K, 0% used [0x00000000e5d80000,0x00000000e5d80000,0x00000000e7100000)
 ParOldGen       total 162816K, used 62957K [0x0000000080000000, 0x0000000089f00000, 0x00000000d5580000)
  object space 162816K, 38% used [0x0000000080000000,0x0000000083d7b738,0x0000000089f00000)
 Metaspace       used 81454K, capacity 84768K, committed 85080K, reserved 1122304K
  class space    used 10629K, capacity 11303K, committed 11392K, reserved 1048576K
}
Event: 65.262 GC heap before
{Heap before GC invocations=19 (full 3):
 PSYoungGen      total 260096K, used 87730K [0x00000000d5580000, 0x00000000e7100000, 0x0000000100000000)
  eden space 236032K, 26% used [0x00000000d5580000,0x00000000d93b4130,0x00000000e3c00000)
  from space 24064K, 99% used [0x00000000e4200000,0x00000000e5978948,0x00000000e5980000)
  to   space 19968K, 0% used [0x00000000e5d80000,0x00000000e5d80000,0x00000000e7100000)
 ParOldGen       total 162816K, used 62957K [0x0000000080000000, 0x0000000089f00000, 0x00000000d5580000)
  object space 162816K, 38% used [0x0000000080000000,0x0000000083d7b738,0x0000000089f00000)
 Metaspace       used 88642K, capacity 92438K, committed 92504K, reserved 1134592K
  class space    used 11618K, capacity 12352K, committed 12416K, reserved 1048576K
Event: 65.299 GC heap after
Heap after GC invocations=19 (full 3):
 PSYoungGen      total 256000K, used 6992K [0x00000000d5580000, 0x00000000e7100000, 0x0000000100000000)
  eden space 236032K, 0% used [0x00000000d5580000,0x00000000d5580000,0x00000000e3c00000)
  from space 19968K, 35% used [0x00000000e5d80000,0x00000000e6454188,0x00000000e7100000)
  to   space 24064K, 0% used [0x00000000e4200000,0x00000000e4200000,0x00000000e5980000)
 ParOldGen       total 162816K, used 82958K [0x0000000080000000, 0x0000000089f00000, 0x00000000d5580000)
  object space 162816K, 50% used [0x0000000080000000,0x0000000085103868,0x0000000089f00000)
 Metaspace       used 88642K, capacity 92438K, committed 92504K, reserved 1134592K
  class space    used 11618K, capacity 12352K, committed 12416K, reserved 1048576K
}
Event: 65.299 GC heap before
{Heap before GC invocations=20 (full 4):
 PSYoungGen      total 256000K, used 6992K [0x00000000d5580000, 0x00000000e7100000, 0x0000000100000000)
  eden space 236032K, 0% used [0x00000000d5580000,0x00000000d5580000,0x00000000e3c00000)
  from space 19968K, 35% used [0x00000000e5d80000,0x00000000e6454188,0x00000000e7100000)
  to   space 24064K, 0% used [0x00000000e4200000,0x00000000e4200000,0x00000000e5980000)
 ParOldGen       total 162816K, used 82958K [0x0000000080000000, 0x0000000089f00000, 0x00000000d5580000)
  object space 162816K, 50% used [0x0000000080000000,0x0000000085103868,0x0000000089f00000)
 Metaspace       used 88642K, capacity 92438K, committed 92504K, reserved 1134592K
  class space    used 11618K, capacity 12352K, committed 12416K, reserved 1048576K
Event: 65.693 GC heap after
Heap after GC invocations=20 (full 4):
 PSYoungGen      total 256000K, used 0K [0x00000000d5580000, 0x00000000e7100000, 0x0000000100000000)
  eden space 236032K, 0% used [0x00000000d5580000,0x00000000d5580000,0x00000000e3c00000)
  from space 19968K, 0% used [0x00000000e5d80000,0x00000000e5d80000,0x00000000e7100000)
  to   space 24064K, 0% used [0x00000000e4200000,0x00000000e4200000,0x00000000e5980000)
 ParOldGen       total 162816K, used 72338K [0x0000000080000000, 0x0000000089f00000, 0x00000000d5580000)
  object space 162816K, 44% used [0x0000000080000000,0x00000000846a4ae0,0x0000000089f00000)
 Metaspace       used 88502K, capacity 92026K, committed 92504K, reserved 1132544K
  class space    used 11572K, capacity 12272K, committed 12416K, reserved 1048576K
}

