# JRE version: OpenJDK Runtime Environment (8.0_242-b01) (build 1.8.0_242-release-1644-b01)
# Java VM: OpenJDK 64-Bit Server VM (25.242-b01 mixed mode windows-amd64 compressed oops)
Heap:
 PSYoungGen      total 204800K, used 101785K [0x00000000d5580000, 0x00000000e3b80000, 0x0000000100000000)
  eden space 188928K, 45% used [0x00000000d5580000,0x00000000da96a178,0x00000000e0e00000)
  from space 15872K, 99% used [0x00000000e2300000,0x00000000e327c2a8,0x00000000e3280000)
  to   space 21504K, 0% used [0x00000000e0e00000,0x00000000e0e00000,0x00000000e2300000)
 ParOldGen       total 105472K, used 39893K [0x0000000080000000, 0x0000000086700000, 0x00000000d5580000)
  object space 105472K, 37% used [0x0000000080000000,0x00000000826f5600,0x0000000086700000)
 Metaspace       used 65428K, capacity 68190K, committed 68312K, reserved 1107968K
  class space    used 8912K, capacity 9460K, committed 9472K, reserved 1048576K
GC Heap History (10 events):
Event: 8.431 GC heap before
{Heap before GC invocations=11 (full 2):
 PSYoungGen      total 163840K, used 152064K [0x00000000d5580000, 0x00000000e0e80000, 0x0000000100000000)
  eden space 152064K, 100% used [0x00000000d5580000,0x00000000dea00000,0x00000000dea00000)
  from space 11776K, 0% used [0x00000000df600000,0x00000000df600000,0x00000000e0180000)
  to   space 12288K, 0% used [0x00000000dea00000,0x00000000dea00000,0x00000000df600000)
 ParOldGen       total 105472K, used 15407K [0x0000000080000000, 0x0000000086700000, 0x00000000d5580000)
  object space 105472K, 14% used [0x0000000080000000,0x0000000080f0bd58,0x0000000086700000)
 Metaspace       used 47230K, capacity 48594K, committed 48984K, reserved 1091584K
  class space    used 6346K, capacity 6667K, committed 6784K, reserved 1048576K
Event: 8.454 GC heap after
Heap after GC invocations=11 (full 2):
 PSYoungGen      total 164352K, used 12285K [0x00000000d5580000, 0x00000000e3280000, 0x0000000100000000)
  eden space 152064K, 0% used [0x00000000d5580000,0x00000000d5580000,0x00000000dea00000)
  from space 12288K, 99% used [0x00000000dea00000,0x00000000df5ff7e8,0x00000000df600000)
  to   space 15872K, 0% used [0x00000000e2300000,0x00000000e2300000,0x00000000e3280000)
 ParOldGen       total 105472K, used 21896K [0x0000000080000000, 0x0000000086700000, 0x00000000d5580000)
  object space 105472K, 20% used [0x0000000080000000,0x00000000815622a8,0x0000000086700000)
 Metaspace       used 47230K, capacity 48594K, committed 48984K, reserved 1091584K
  class space    used 6346K, capacity 6667K, committed 6784K, reserved 1048576K
}
Event: 11.706 GC heap before
{Heap before GC invocations=12 (full 2):
 PSYoungGen      total 164352K, used 164349K [0x00000000d5580000, 0x00000000e3280000, 0x0000000100000000)
  eden space 152064K, 100% used [0x00000000d5580000,0x00000000dea00000,0x00000000dea00000)
  from space 12288K, 99% used [0x00000000dea00000,0x00000000df5ff7e8,0x00000000df600000)
  to   space 15872K, 0% used [0x00000000e2300000,0x00000000e2300000,0x00000000e3280000)
 ParOldGen       total 105472K, used 21896K [0x0000000080000000, 0x0000000086700000, 0x00000000d5580000)
  object space 105472K, 20% used [0x0000000080000000,0x00000000815622a8,0x0000000086700000)
 Metaspace       used 56631K, capacity 58544K, committed 58712K, reserved 1099776K
  class space    used 7772K, capacity 8215K, committed 8320K, reserved 1048576K
Event: 11.761 GC heap after
Heap after GC invocations=12 (full 2):
 PSYoungGen      total 204800K, used 15868K [0x00000000d5580000, 0x00000000e3b80000, 0x0000000100000000)
  eden space 188928K, 0% used [0x00000000d5580000,0x00000000d5580000,0x00000000e0e00000)
  from space 15872K, 99% used [0x00000000e2300000,0x00000000e327f340,0x00000000e3280000)
  to   space 21504K, 0% used [0x00000000e0e00000,0x00000000e0e00000,0x00000000e2300000)
 ParOldGen       total 105472K, used 31378K [0x0000000080000000, 0x0000000086700000, 0x00000000d5580000)
  object space 105472K, 29% used [0x0000000080000000,0x0000000081ea4ad8,0x0000000086700000)
 Metaspace       used 56631K, capacity 58544K, committed 58712K, reserved 1099776K
  class space    used 7772K, capacity 8215K, committed 8320K, reserved 1048576K
}
Event: 11.866 GC heap before
{Heap before GC invocations=13 (full 2):
 PSYoungGen      total 204800K, used 23054K [0x00000000d5580000, 0x00000000e3b80000, 0x0000000100000000)
  eden space 188928K, 3% used [0x00000000d5580000,0x00000000d5c846a0,0x00000000e0e00000)
  from space 15872K, 99% used [0x00000000e2300000,0x00000000e327f340,0x00000000e3280000)
  to   space 21504K, 0% used [0x00000000e0e00000,0x00000000e0e00000,0x00000000e2300000)
 ParOldGen       total 105472K, used 31378K [0x0000000080000000, 0x0000000086700000, 0x00000000d5580000)
  object space 105472K, 29% used [0x0000000080000000,0x0000000081ea4ad8,0x0000000086700000)
 Metaspace       used 57006K, capacity 58882K, committed 58968K, reserved 1099776K
  class space    used 7827K, capacity 8282K, committed 8320K, reserved 1048576K
Event: 11.896 GC heap after
Heap after GC invocations=13 (full 2):
 PSYoungGen      total 210432K, used 736K [0x00000000d5580000, 0x00000000e3b80000, 0x0000000100000000)
  eden space 188928K, 0% used [0x00000000d5580000,0x00000000d5580000,0x00000000e0e00000)
  from space 21504K, 3% used [0x00000000e0e00000,0x00000000e0eb8020,0x00000000e2300000)
  to   space 15872K, 0% used [0x00000000e2300000,0x00000000e2300000,0x00000000e3280000)
 ParOldGen       total 105472K, used 47223K [0x0000000080000000, 0x0000000086700000, 0x00000000d5580000)
  object space 105472K, 44% used [0x0000000080000000,0x0000000082e1dfe0,0x0000000086700000)
 Metaspace       used 57006K, capacity 58882K, committed 58968K, reserved 1099776K
  class space    used 7827K, capacity 8282K, committed 8320K, reserved 1048576K
}
Event: 11.896 GC heap before
{Heap before GC invocations=14 (full 3):
 PSYoungGen      total 210432K, used 736K [0x00000000d5580000, 0x00000000e3b80000, 0x0000000100000000)
  eden space 188928K, 0% used [0x00000000d5580000,0x00000000d5580000,0x00000000e0e00000)
  from space 21504K, 3% used [0x00000000e0e00000,0x00000000e0eb8020,0x00000000e2300000)
  to   space 15872K, 0% used [0x00000000e2300000,0x00000000e2300000,0x00000000e3280000)
 ParOldGen       total 105472K, used 47223K [0x0000000080000000, 0x0000000086700000, 0x00000000d5580000)
  object space 105472K, 44% used [0x0000000080000000,0x0000000082e1dfe0,0x0000000086700000)
 Metaspace       used 57006K, capacity 58882K, committed 58968K, reserved 1099776K
  class space    used 7827K, capacity 8282K, committed 8320K, reserved 1048576K
Event: 12.294 GC heap after
Heap after GC invocations=14 (full 3):
 PSYoungGen      total 210432K, used 0K [0x00000000d5580000, 0x00000000e3b80000, 0x0000000100000000)
  eden space 188928K, 0% used [0x00000000d5580000,0x00000000d5580000,0x00000000e0e00000)
  from space 21504K, 0% used [0x00000000e0e00000,0x00000000e0e00000,0x00000000e2300000)
  to   space 15872K, 0% used [0x00000000e2300000,0x00000000e2300000,0x00000000e3280000)
 ParOldGen       total 105472K, used 36306K [0x0000000080000000, 0x0000000086700000, 0x00000000d5580000)
  object space 105472K, 34% used [0x0000000080000000,0x0000000082374800,0x0000000086700000)
 Metaspace       used 56991K, capacity 58828K, committed 58968K, reserved 1099776K
  class space    used 7822K, capacity 8273K, committed 8320K, reserved 1048576K
}
Event: 16.105 GC heap before
{Heap before GC invocations=15 (full 3):
 PSYoungGen      total 210432K, used 188928K [0x00000000d5580000, 0x00000000e3b80000, 0x0000000100000000)
  eden space 188928K, 100% used [0x00000000d5580000,0x00000000e0e00000,0x00000000e0e00000)
  from space 21504K, 0% used [0x00000000e0e00000,0x00000000e0e00000,0x00000000e2300000)
  to   space 15872K, 0% used [0x00000000e2300000,0x00000000e2300000,0x00000000e3280000)
 ParOldGen       total 105472K, used 36306K [0x0000000080000000, 0x0000000086700000, 0x00000000d5580000)
  object space 105472K, 34% used [0x0000000080000000,0x0000000082374800,0x0000000086700000)
 Metaspace       used 64497K, capacity 67202K, committed 67544K, reserved 1107968K
  class space    used 8812K, capacity 9360K, committed 9472K, reserved 1048576K
Event: 16.127 GC heap after
Heap after GC invocations=15 (full 3):
 PSYoungGen      total 204800K, used 15856K [0x00000000d5580000, 0x00000000e3b80000, 0x0000000100000000)
  eden space 188928K, 0% used [0x00000000d5580000,0x00000000d5580000,0x00000000e0e00000)
  from space 15872K, 99% used [0x00000000e2300000,0x00000000e327c2a8,0x00000000e3280000)
  to   space 21504K, 0% used [0x00000000e0e00000,0x00000000e0e00000,0x00000000e2300000)
 ParOldGen       total 105472K, used 39893K [0x0000000080000000, 0x0000000086700000, 0x00000000d5580000)
  object space 105472K, 37% used [0x0000000080000000,0x00000000826f5600,0x0000000086700000)
 Metaspace       used 64497K, capacity 67202K, committed 67544K, reserved 1107968K
  class space    used 8812K, capacity 9360K, committed 9472K, reserved 1048576K
}

