# JRE version: OpenJDK Runtime Environment (8.0_242-b01) (build 1.8.0_242-release-1644-b01)
# Java VM: OpenJDK 64-Bit Server VM (25.242-b01 mixed mode windows-amd64 compressed oops)
Heap:
 PSYoungGen      total 209408K, used 110171K [0x00000000d5580000, 0x00000000e4000000, 0x0000000100000000)
  eden space 192512K, 57% used [0x00000000d5580000,0x00000000dc116d30,0x00000000e1180000)
  from space 16896K, 0% used [0x00000000e2700000,0x00000000e2700000,0x00000000e3780000)
  to   space 22016K, 0% used [0x00000000e1180000,0x00000000e1180000,0x00000000e2700000)
 ParOldGen       total 169984K, used 37797K [0x0000000080000000, 0x000000008a600000, 0x00000000d5580000)
  object space 169984K, 22% used [0x0000000080000000,0x00000000824e9410,0x000000008a600000)
 Metaspace       used 63267K, capacity 65558K, committed 65752K, reserved 1105920K
  class space    used 8648K, capacity 9112K, committed 9216K, reserved 1048576K
GC Heap History (10 events):
Event: 7.567 GC heap before
{Heap before GC invocations=9 (full 1):
 PSYoungGen      total 104960K, used 50143K [0x00000000d5580000, 0x00000000e0800000, 0x0000000100000000)
  eden space 93696K, 42% used [0x00000000d5580000,0x00000000d7c78630,0x00000000db100000)
  from space 11264K, 90% used [0x00000000db100000,0x00000000dbaff828,0x00000000dbc00000)
  to   space 12288K, 0% used [0x00000000dfc00000,0x00000000dfc00000,0x00000000e0800000)
 ParOldGen       total 67584K, used 7491K [0x0000000080000000, 0x0000000084200000, 0x00000000d5580000)
  object space 67584K, 11% used [0x0000000080000000,0x0000000080750fd0,0x0000000084200000)
 Metaspace       used 34574K, capacity 35354K, committed 35416K, reserved 1079296K
  class space    used 4719K, capacity 4948K, committed 4992K, reserved 1048576K
Event: 7.581 GC heap after
Heap after GC invocations=9 (full 1):
 PSYoungGen      total 170496K, used 9139K [0x00000000d5580000, 0x00000000e1280000, 0x0000000100000000)
  eden space 158208K, 0% used [0x00000000d5580000,0x00000000d5580000,0x00000000df000000)
  from space 12288K, 74% used [0x00000000dfc00000,0x00000000e04ece90,0x00000000e0800000)
  to   space 12288K, 0% used [0x00000000df000000,0x00000000df000000,0x00000000dfc00000)
 ParOldGen       total 67584K, used 7499K [0x0000000080000000, 0x0000000084200000, 0x00000000d5580000)
  object space 67584K, 11% used [0x0000000080000000,0x0000000080752fd0,0x0000000084200000)
 Metaspace       used 34574K, capacity 35354K, committed 35416K, reserved 1079296K
  class space    used 4719K, capacity 4948K, committed 4992K, reserved 1048576K
}
Event: 7.581 GC heap before
{Heap before GC invocations=10 (full 2):
 PSYoungGen      total 170496K, used 9139K [0x00000000d5580000, 0x00000000e1280000, 0x0000000100000000)
  eden space 158208K, 0% used [0x00000000d5580000,0x00000000d5580000,0x00000000df000000)
  from space 12288K, 74% used [0x00000000dfc00000,0x00000000e04ece90,0x00000000e0800000)
  to   space 12288K, 0% used [0x00000000df000000,0x00000000df000000,0x00000000dfc00000)
 ParOldGen       total 67584K, used 7499K [0x0000000080000000, 0x0000000084200000, 0x00000000d5580000)
  object space 67584K, 11% used [0x0000000080000000,0x0000000080752fd0,0x0000000084200000)
 Metaspace       used 34574K, capacity 35354K, committed 35416K, reserved 1079296K
  class space    used 4719K, capacity 4948K, committed 4992K, reserved 1048576K
Event: 7.698 GC heap after
Heap after GC invocations=10 (full 2):
 PSYoungGen      total 170496K, used 0K [0x00000000d5580000, 0x00000000e1280000, 0x0000000100000000)
  eden space 158208K, 0% used [0x00000000d5580000,0x00000000d5580000,0x00000000df000000)
  from space 12288K, 0% used [0x00000000dfc00000,0x00000000dfc00000,0x00000000e0800000)
  to   space 12288K, 0% used [0x00000000df000000,0x00000000df000000,0x00000000dfc00000)
 ParOldGen       total 107008K, used 15378K [0x0000000080000000, 0x0000000086880000, 0x00000000d5580000)
  object space 107008K, 14% used [0x0000000080000000,0x0000000080f04ac8,0x0000000086880000)
 Metaspace       used 34574K, capacity 35354K, committed 35416K, reserved 1079296K
  class space    used 4719K, capacity 4948K, committed 4992K, reserved 1048576K
}
Event: 10.285 GC heap before
{Heap before GC invocations=11 (full 2):
 PSYoungGen      total 170496K, used 158208K [0x00000000d5580000, 0x00000000e1280000, 0x0000000100000000)
  eden space 158208K, 100% used [0x00000000d5580000,0x00000000df000000,0x00000000df000000)
  from space 12288K, 0% used [0x00000000dfc00000,0x00000000dfc00000,0x00000000e0800000)
  to   space 12288K, 0% used [0x00000000df000000,0x00000000df000000,0x00000000dfc00000)
 ParOldGen       total 107008K, used 15378K [0x0000000080000000, 0x0000000086880000, 0x00000000d5580000)
  object space 107008K, 14% used [0x0000000080000000,0x0000000080f04ac8,0x0000000086880000)
 Metaspace       used 49136K, capacity 50600K, committed 50904K, reserved 1093632K
  class space    used 6555K, capacity 6882K, committed 6912K, reserved 1048576K
Event: 10.308 GC heap after
Heap after GC invocations=11 (full 2):
 PSYoungGen      total 170496K, used 12274K [0x00000000d5580000, 0x00000000e3780000, 0x0000000100000000)
  eden space 158208K, 0% used [0x00000000d5580000,0x00000000d5580000,0x00000000df000000)
  from space 12288K, 99% used [0x00000000df000000,0x00000000dfbfca28,0x00000000dfc00000)
  to   space 16896K, 0% used [0x00000000e2700000,0x00000000e2700000,0x00000000e3780000)
 ParOldGen       total 107008K, used 23214K [0x0000000080000000, 0x0000000086880000, 0x00000000d5580000)
  object space 107008K, 21% used [0x0000000080000000,0x00000000816ab8c8,0x0000000086880000)
 Metaspace       used 49136K, capacity 50600K, committed 50904K, reserved 1093632K
  class space    used 6555K, capacity 6882K, committed 6912K, reserved 1048576K
}
Event: 12.209 GC heap before
{Heap before GC invocations=12 (full 2):
 PSYoungGen      total 170496K, used 170450K [0x00000000d5580000, 0x00000000e3780000, 0x0000000100000000)
  eden space 158208K, 99% used [0x00000000d5580000,0x00000000deff80a8,0x00000000df000000)
  from space 12288K, 99% used [0x00000000df000000,0x00000000dfbfca28,0x00000000dfc00000)
  to   space 16896K, 0% used [0x00000000e2700000,0x00000000e2700000,0x00000000e3780000)
 ParOldGen       total 107008K, used 23214K [0x0000000080000000, 0x0000000086880000, 0x00000000d5580000)
  object space 107008K, 21% used [0x0000000080000000,0x00000000816ab8c8,0x0000000086880000)
 Metaspace       used 56991K, capacity 58890K, committed 58968K, reserved 1099776K
  class space    used 7821K, capacity 8282K, committed 8320K, reserved 1048576K
Event: 12.241 GC heap after
Heap after GC invocations=12 (full 2):
 PSYoungGen      total 209408K, used 16876K [0x00000000d5580000, 0x00000000e4000000, 0x0000000100000000)
  eden space 192512K, 0% used [0x00000000d5580000,0x00000000d5580000,0x00000000e1180000)
  from space 16896K, 99% used [0x00000000e2700000,0x00000000e377b330,0x00000000e3780000)
  to   space 22016K, 0% used [0x00000000e1180000,0x00000000e1180000,0x00000000e2700000)
 ParOldGen       total 107008K, used 31820K [0x0000000080000000, 0x0000000086880000, 0x00000000d5580000)
  object space 107008K, 29% used [0x0000000080000000,0x0000000081f13160,0x0000000086880000)
 Metaspace       used 56991K, capacity 58890K, committed 58968K, reserved 1099776K
  class space    used 7821K, capacity 8282K, committed 8320K, reserved 1048576K
}
Event: 12.241 GC heap before
{Heap before GC invocations=13 (full 3):
 PSYoungGen      total 209408K, used 16876K [0x00000000d5580000, 0x00000000e4000000, 0x0000000100000000)
  eden space 192512K, 0% used [0x00000000d5580000,0x00000000d5580000,0x00000000e1180000)
  from space 16896K, 99% used [0x00000000e2700000,0x00000000e377b330,0x00000000e3780000)
  to   space 22016K, 0% used [0x00000000e1180000,0x00000000e1180000,0x00000000e2700000)
 ParOldGen       total 107008K, used 31820K [0x0000000080000000, 0x0000000086880000, 0x00000000d5580000)
  object space 107008K, 29% used [0x0000000080000000,0x0000000081f13160,0x0000000086880000)
 Metaspace       used 56991K, capacity 58890K, committed 58968K, reserved 1099776K
  class space    used 7821K, capacity 8282K, committed 8320K, reserved 1048576K
Event: 12.496 GC heap after
Heap after GC invocations=13 (full 3):
 PSYoungGen      total 209408K, used 0K [0x00000000d5580000, 0x00000000e4000000, 0x0000000100000000)
  eden space 192512K, 0% used [0x00000000d5580000,0x00000000d5580000,0x00000000e1180000)
  from space 16896K, 0% used [0x00000000e2700000,0x00000000e2700000,0x00000000e3780000)
  to   space 22016K, 0% used [0x00000000e1180000,0x00000000e1180000,0x00000000e2700000)
 ParOldGen       total 169984K, used 37797K [0x0000000080000000, 0x000000008a600000, 0x00000000d5580000)
  object space 169984K, 22% used [0x0000000080000000,0x00000000824e9410,0x000000008a600000)
 Metaspace       used 56976K, capacity 58836K, committed 58968K, reserved 1099776K
  class space    used 7816K, capacity 8273K, committed 8320K, reserved 1048576K
}

