# JRE version: OpenJDK Runtime Environment (8.0_242-b01) (build 1.8.0_242-release-1644-b01)
# Java VM: OpenJDK 64-Bit Server VM (25.242-b01 mixed mode windows-amd64 compressed oops)
Heap:
 PSYoungGen      total 285696K, used 80145K [0x00000000d5580000, 0x00000000ed600000, 0x0000000100000000)
  eden space 260096K, 24% used [0x00000000d5580000,0x00000000d94e1830,0x00000000e5380000)
  from space 25600K, 59% used [0x00000000e5380000,0x00000000e6262fb8,0x00000000e6c80000)
  to   space 25600K, 1% used [0x00000000ebd00000,0x00000000ebd50000,0x00000000ed600000)
 ParOldGen       total 153600K, used 49977K [0x0000000080000000, 0x0000000089600000, 0x00000000d5580000)
  object space 153600K, 32% used [0x0000000080000000,0x00000000830d26c8,0x0000000089600000)
 Metaspace       used 72348K, capacity 75504K, committed 75560K, reserved 1118208K
  class space    used 9876K, capacity 10515K, committed 10544K, reserved 1048576K
GC Heap History (10 events):
Event: 10.886 GC heap before
{Heap before GC invocations=12 (full 2):
 PSYoungGen      total 168448K, used 168434K [0x00000000d5580000, 0x00000000e3580000, 0x0000000100000000)
  eden space 156160K, 100% used [0x00000000d5580000,0x00000000dee00000,0x00000000dee00000)
  from space 12288K, 99% used [0x00000000dee00000,0x00000000df9fc8e8,0x00000000dfa00000)
  to   space 16896K, 0% used [0x00000000e2500000,0x00000000e2500000,0x00000000e3580000)
 ParOldGen       total 107008K, used 22914K [0x0000000080000000, 0x0000000086880000, 0x00000000d5580000)
  object space 107008K, 21% used [0x0000000080000000,0x0000000081660968,0x0000000086880000)
 Metaspace       used 56825K, capacity 58820K, committed 59048K, reserved 1099776K
  class space    used 7793K, capacity 8271K, committed 8368K, reserved 1048576K
Event: 10.924 GC heap after
Heap after GC invocations=12 (full 2):
 PSYoungGen      total 206848K, used 16892K [0x00000000d5580000, 0x00000000e3e80000, 0x0000000100000000)
  eden space 189952K, 0% used [0x00000000d5580000,0x00000000d5580000,0x00000000e0f00000)
  from space 16896K, 99% used [0x00000000e2500000,0x00000000e357f320,0x00000000e3580000)
  to   space 22528K, 0% used [0x00000000e0f00000,0x00000000e0f00000,0x00000000e2500000)
 ParOldGen       total 107008K, used 31927K [0x0000000080000000, 0x0000000086880000, 0x00000000d5580000)
  object space 107008K, 29% used [0x0000000080000000,0x0000000081f2dcb0,0x0000000086880000)
 Metaspace       used 56825K, capacity 58820K, committed 59048K, reserved 1099776K
  class space    used 7793K, capacity 8271K, committed 8368K, reserved 1048576K
}
Event: 10.994 GC heap before
{Heap before GC invocations=13 (full 2):
 PSYoungGen      total 206848K, used 20599K [0x00000000d5580000, 0x00000000e3e80000, 0x0000000100000000)
  eden space 189952K, 1% used [0x00000000d5580000,0x00000000d591ecc8,0x00000000e0f00000)
  from space 16896K, 99% used [0x00000000e2500000,0x00000000e357f320,0x00000000e3580000)
  to   space 22528K, 0% used [0x00000000e0f00000,0x00000000e0f00000,0x00000000e2500000)
 ParOldGen       total 107008K, used 31927K [0x0000000080000000, 0x0000000086880000, 0x00000000d5580000)
  object space 107008K, 29% used [0x0000000080000000,0x0000000081f2dcb0,0x0000000086880000)
 Metaspace       used 57073K, capacity 59104K, committed 59160K, reserved 1099776K
  class space    used 7828K, capacity 8313K, committed 8368K, reserved 1048576K
Event: 11.019 GC heap after
Heap after GC invocations=13 (full 2):
 PSYoungGen      total 212480K, used 480K [0x00000000d5580000, 0x00000000e8880000, 0x0000000100000000)
  eden space 189952K, 0% used [0x00000000d5580000,0x00000000d5580000,0x00000000e0f00000)
  from space 22528K, 2% used [0x00000000e0f00000,0x00000000e0f78010,0x00000000e2500000)
  to   space 23040K, 0% used [0x00000000e7200000,0x00000000e7200000,0x00000000e8880000)
 ParOldGen       total 107008K, used 48758K [0x0000000080000000, 0x0000000086880000, 0x00000000d5580000)
  object space 107008K, 45% used [0x0000000080000000,0x0000000082f9db28,0x0000000086880000)
 Metaspace       used 57073K, capacity 59104K, committed 59160K, reserved 1099776K
  class space    used 7828K, capacity 8313K, committed 8368K, reserved 1048576K
}
Event: 11.019 GC heap before
{Heap before GC invocations=14 (full 3):
 PSYoungGen      total 212480K, used 480K [0x00000000d5580000, 0x00000000e8880000, 0x0000000100000000)
  eden space 189952K, 0% used [0x00000000d5580000,0x00000000d5580000,0x00000000e0f00000)
  from space 22528K, 2% used [0x00000000e0f00000,0x00000000e0f78010,0x00000000e2500000)
  to   space 23040K, 0% used [0x00000000e7200000,0x00000000e7200000,0x00000000e8880000)
 ParOldGen       total 107008K, used 48758K [0x0000000080000000, 0x0000000086880000, 0x00000000d5580000)
  object space 107008K, 45% used [0x0000000080000000,0x0000000082f9db28,0x0000000086880000)
 Metaspace       used 57073K, capacity 59104K, committed 59160K, reserved 1099776K
  class space    used 7828K, capacity 8313K, committed 8368K, reserved 1048576K
Event: 11.303 GC heap after
Heap after GC invocations=14 (full 3):
 PSYoungGen      total 212480K, used 0K [0x00000000d5580000, 0x00000000e8880000, 0x0000000100000000)
  eden space 189952K, 0% used [0x00000000d5580000,0x00000000d5580000,0x00000000e0f00000)
  from space 22528K, 0% used [0x00000000e0f00000,0x00000000e0f00000,0x00000000e2500000)
  to   space 23040K, 0% used [0x00000000e7200000,0x00000000e7200000,0x00000000e8880000)
 ParOldGen       total 153600K, used 32445K [0x0000000080000000, 0x0000000089600000, 0x00000000d5580000)
  object space 153600K, 21% used [0x0000000080000000,0x0000000081faf600,0x0000000089600000)
 Metaspace       used 57060K, capacity 59062K, committed 59160K, reserved 1099776K
  class space    used 7824K, capacity 8306K, committed 8368K, reserved 1048576K
}
Event: 14.882 GC heap before
{Heap before GC invocations=15 (full 3):
 PSYoungGen      total 212480K, used 189952K [0x00000000d5580000, 0x00000000e8880000, 0x0000000100000000)
  eden space 189952K, 100% used [0x00000000d5580000,0x00000000e0f00000,0x00000000e0f00000)
  from space 22528K, 0% used [0x00000000e0f00000,0x00000000e0f00000,0x00000000e2500000)
  to   space 23040K, 0% used [0x00000000e7200000,0x00000000e7200000,0x00000000e8880000)
 ParOldGen       total 153600K, used 32445K [0x0000000080000000, 0x0000000089600000, 0x00000000d5580000)
  object space 153600K, 21% used [0x0000000080000000,0x0000000081faf600,0x0000000089600000)
 Metaspace       used 64799K, capacity 67516K, committed 67624K, reserved 1107968K
  class space    used 8839K, capacity 9421K, committed 9520K, reserved 1048576K
Event: 14.914 GC heap after
Heap after GC invocations=15 (full 3):
 PSYoungGen      total 278016K, used 19908K [0x00000000d5580000, 0x00000000e8580000, 0x0000000100000000)
  eden space 258048K, 0% used [0x00000000d5580000,0x00000000d5580000,0x00000000e5180000)
  from space 19968K, 99% used [0x00000000e7200000,0x00000000e85711d8,0x00000000e8580000)
  to   space 25600K, 0% used [0x00000000e5380000,0x00000000e5380000,0x00000000e6c80000)
 ParOldGen       total 153600K, used 32453K [0x0000000080000000, 0x0000000089600000, 0x00000000d5580000)
  object space 153600K, 21% used [0x0000000080000000,0x0000000081fb1600,0x0000000089600000)
 Metaspace       used 64799K, capacity 67516K, committed 67624K, reserved 1107968K
  class space    used 8839K, capacity 9421K, committed 9520K, reserved 1048576K
}
Event: 18.146 GC heap before
{Heap before GC invocations=16 (full 3):
 PSYoungGen      total 278016K, used 277956K [0x00000000d5580000, 0x00000000e8580000, 0x0000000100000000)
  eden space 258048K, 100% used [0x00000000d5580000,0x00000000e5180000,0x00000000e5180000)
  from space 19968K, 99% used [0x00000000e7200000,0x00000000e85711d8,0x00000000e8580000)
  to   space 25600K, 0% used [0x00000000e5380000,0x00000000e5380000,0x00000000e6c80000)
 ParOldGen       total 153600K, used 32453K [0x0000000080000000, 0x0000000089600000, 0x00000000d5580000)
  object space 153600K, 21% used [0x0000000080000000,0x0000000081fb1600,0x0000000089600000)
 Metaspace       used 69148K, capacity 72296K, committed 72360K, reserved 1112064K
  class space    used 9502K, capacity 10149K, committed 10160K, reserved 1048576K
Event: 18.204 GC heap after
Heap after GC invocations=16 (full 3):
 PSYoungGen      total 285696K, used 15243K [0x00000000d5580000, 0x00000000ed600000, 0x0000000100000000)
  eden space 260096K, 0% used [0x00000000d5580000,0x00000000d5580000,0x00000000e5380000)
  from space 25600K, 59% used [0x00000000e5380000,0x00000000e6262fb8,0x00000000e6c80000)
  to   space 25600K, 0% used [0x00000000ebd00000,0x00000000ebd00000,0x00000000ed600000)
 ParOldGen       total 153600K, used 47705K [0x0000000080000000, 0x0000000089600000, 0x00000000d5580000)
  object space 153600K, 31% used [0x0000000080000000,0x0000000082e966a8,0x0000000089600000)
 Metaspace       used 69148K, capacity 72296K, committed 72360K, reserved 1112064K
  class space    used 9502K, capacity 10149K, committed 10160K, reserved 1048576K
}

